0 info it worked if it ends with ok
1 verbose cli [
1 verbose cli   'C:\\Users\\itsmegen\\node_modules\\node\\bin\\node.exe',
1 verbose cli   'C:\\Users\\itsmegen\\node_modules\\npm\\bin\\npm-cli.js',
1 verbose cli   'run',
1 verbose cli   'server2'
1 verbose cli ]
2 info using npm@2.15.12
3 info using node@v22.19.0
4 verbose run-script [ 'preserver2', 'server2', 'postserver2' ]
5 info preserver2 server@1.0.0
6 info server2 server@1.0.0
7 verbose unsafe-perm in lifecycle true
8 info server@1.0.0 Failed to exec server2 script
9 verbose stack Error: server@1.0.0 server2: `ts-node src/FetchUser/fetchuser.ts`
9 verbose stack Exit status 3221225786
9 verbose stack     at EventEmitter.<anonymous> (C:\Users\itsmegen\node_modules\npm\lib\utils\lifecycle.js:217:16)
9 verbose stack     at EventEmitter.emit (node:events:519:28)
9 verbose stack     at ChildProcess.<anonymous> (C:\Users\itsmegen\node_modules\npm\lib\utils\spawn.js:24:14)
9 verbose stack     at ChildProcess.emit (node:events:519:28)
9 verbose stack     at maybeClose (node:internal/child_process:1101:16)
9 verbose stack     at ChildProcess._handle.onexit (node:internal/child_process:304:5)
10 verbose pkgid server@1.0.0
11 verbose cwd C:\Users\itsmegen\Documents\server_mediScan
12 error Windows_NT 10.0.19045
13 error argv "C:\\Users\\itsmegen\\node_modules\\node\\bin\\node.exe" "C:\\Users\\itsmegen\\node_modules\\npm\\bin\\npm-cli.js" "run" "server2"
14 error node v22.19.0
15 error npm  v2.15.12
16 error code ELIFECYCLE
17 error server@1.0.0 server2: `ts-node src/FetchUser/fetchuser.ts`
17 error Exit status 3221225786
18 error Failed at the server@1.0.0 server2 script 'ts-node src/FetchUser/fetchuser.ts'.
18 error This is most likely a problem with the server package,
18 error not with npm itself.
18 error Tell the author that this fails on your system:
18 error     ts-node src/FetchUser/fetchuser.ts
18 error You can get information on how to open an issue for this project with:
18 error     npm bugs server
18 error Or if that isn't available, you can get their info via:
18 error
18 error     npm owner ls server
18 error There is likely additional logging output above.
19 verbose exit [ 1, true ]
